2018-01-11 11:44:30.075 (0x7ffdf821df30) Debug: New PolkitAgentListener  0x557e1724ccc0
2018-01-11 11:44:30.075 (0x7ffdf821df30) Debug: Adding new listener  PolkitQt1::Agent::Listener(0x7ffdf821df40) for  0x557e1724ccc0
2018-01-11 11:44:30.425 (0x7ffebd411030) Debug: ()
2018-01-11 11:44:30.816 (0x7ffebd411030) Warning: "Section \"clock\" not found in /home/paul/.config/lxqt/panel.conf."
2018-01-11 11:44:30.862 (0x7ffebd411030) Debug: WinIdChange 1200007 handle QWidgetWindow(0x5582f19c5cd0, name="LXQtPanel panel1Window") QScreen(0x5582f18194d0, name="eDP-1")
2018-01-11 11:44:30.912 (0x7ffebd411030) Debug: Systray started
2018-01-11 11:44:30.914 (0x7ffebd411030) Warning: QDBusConnection: name 'org.freedesktop.UDisks2' had owner '' but we thought it was ':1.23'
2018-01-11 11:44:31.136 (0x7ffe7d313ec0) Warning: libpng warning: iCCP: known incorrect sRGB profile
2018-01-11 11:44:34.327 (0x7ffebd411030) Warning:     * Error image is NULL
2018-01-11 11:44:34.333 (0x7ffebd411030) Warning:     * Error image is NULL
2018-01-11 11:44:34.345 (0x7ffebd411030) Warning:     * Error image is NULL
2018-01-11 11:44:34.470 (0x7ffebd411030) Warning:     * Error image is NULL
2018-01-11 11:44:34.493 (0x7fff0ed77030) Debug: BatteryChanged discharging: true chargeLevel: 75.6141 actionTime: QTime(Invalid)
2018-01-11 11:44:34.499 (0x7fff0ed77030) Debug: Inhibit got: 35
2018-01-11 11:44:34.659 (0x7fff0ed77030) Debug: Starting idlenesswatcher
2018-01-11 11:44:51.335 (0x7ffebd411030) Warning: QXcbConnection: XCB error: 3 (BadWindow), sequence: 2171, resource id: 29360191, major code: 18 (ChangeProperty), minor code: 0
2018-01-11 11:44:51.381 (0x7ffebd411030) Warning:     * Error image is NULL
2018-01-11 11:44:51.382 (0x7ffebd411030) Warning:     * Error image is NULL
2018-01-11 11:44:51.383 (0x7ffebd411030) Warning:     * Error image is NULL
2018-01-11 11:44:51.384 (0x7ffebd411030) Warning:     * Error image is NULL
2018-01-11 11:46:30.991 (0x7fff0ed77030) Debug: BatteryChanged discharging: true chargeLevel: 75.0198 actionTime: QTime(Invalid)
2018-01-11 11:46:36.863 (0x7ffebd411030) Warning: libpng warning: iCCP: known incorrect sRGB profile
2018-01-11 11:46:58.617 (0x7ffebd411030) Debug: execAction "/usr/share/applications/chromium.desktop"
2018-01-11 11:48:31.083 (0x7fff0ed77030) Debug: BatteryChanged discharging: true chargeLevel: 74.0887 actionTime: QTime(Invalid)
2018-01-11 11:49:31.265 (0x7ffebd411030) Warning:     * Error image is NULL
2018-01-11 11:49:36.979 (0x7ffebd411030) Warning:     * Error image is NULL
2018-01-11 11:50:30.993 (0x7fff0ed77030) Debug: BatteryChanged discharging: true chargeLevel: 73.5143 actionTime: QTime(Invalid)
2018-01-11 11:52:30.988 (0x7fff0ed77030) Debug: BatteryChanged discharging: true chargeLevel: 73.0983 actionTime: QTime(Invalid)
2018-01-11 11:54:31.100 (0x7fff0ed77030) Debug: BatteryChanged discharging: true chargeLevel: 72.7219 actionTime: QTime(Invalid)
2018-01-11 11:54:35.555 (0x7ffebd411030) Warning:     * Error image is NULL
2018-01-11 11:54:36.978 (0x7ffebd411030) Warning:     * Error image is NULL
2018-01-11 11:56:31.097 (0x7fff0ed77030) Debug: BatteryChanged discharging: true chargeLevel: 72.2861 actionTime: QTime(Invalid)
2018-01-11 11:58:31.014 (0x7fff0ed77030) Debug: BatteryChanged discharging: true chargeLevel: 71.8106 actionTime: QTime(Invalid)
2018-01-11 11:59:39.911 (0x7ffebd411030) Warning:     * Error image is NULL
2018-01-11 11:59:42.981 (0x7ffebd411030) Warning:     * Error image is NULL
2018-01-11 12:00:31.076 (0x7fff0ed77030) Debug: BatteryChanged discharging: true chargeLevel: 71.2956 actionTime: QTime(Invalid)
2018-01-11 12:02:31.020 (0x7fff0ed77030) Debug: BatteryChanged discharging: true chargeLevel: 70.7805 actionTime: QTime(Invalid)
2018-01-11 12:04:31.045 (0x7fff0ed77030) Debug: BatteryChanged discharging: true chargeLevel: 70.2456 actionTime: QTime(Invalid)
2018-01-11 12:04:44.221 (0x7ffebd411030) Warning:     * Error image is NULL
2018-01-11 12:04:48.983 (0x7ffebd411030) Warning:     * Error image is NULL
2018-01-11 12:06:31.101 (0x7fff0ed77030) Debug: BatteryChanged discharging: true chargeLevel: 69.6315 actionTime: QTime(Invalid)
2018-01-11 12:08:31.039 (0x7fff0ed77030) Debug: BatteryChanged discharging: true chargeLevel: 69.0967 actionTime: QTime(Invalid)
2018-01-11 12:09:48.475 (0x7ffebd411030) Warning:     * Error image is NULL
2018-01-11 12:09:48.980 (0x7ffebd411030) Warning:     * Error image is NULL
2018-01-11 12:09:56.508 (0x7ffdf821df30) Debug: Listener adapter polkit_qt_listener_initiate_authentication
2018-01-11 12:09:56.508 (0x7ffdf821df30) Debug: GSimpleAsyncResult: 0x557e172b41d0
2018-01-11 12:09:56.508 (0x7ffdf821df30) Debug: polkit_qt_listener_initiate_authentication callback for  0x557e1724ccc0
2018-01-11 12:09:56.587 (0x7ffdf821df30) Debug: REQUEST
2018-01-11 12:10:00.407 (0x7ffdf821df30) Debug: COMPLETED
2018-01-11 12:10:00.407 (0x7ffdf821df30) Debug: Listener adapter polkit_qt_listener_initiate_authentication_finish
2018-01-11 12:10:00.407 (0x7ffdf821df30) Debug: polkit_qt_listener_initiate_authentication_finish callback for  0x557e1724ccc0
2018-01-11 12:10:00.417 (0x7ffdf821df30) Debug: Listener adapter polkit_qt_listener_initiate_authentication
2018-01-11 12:10:00.417 (0x7ffdf821df30) Debug: GSimpleAsyncResult: 0x557e172b4320
2018-01-11 12:10:00.417 (0x7ffdf821df30) Debug: polkit_qt_listener_initiate_authentication callback for  0x557e1724ccc0
2018-01-11 12:10:00.426 (0x7ffdf821df30) Debug: REQUEST
2018-01-11 12:10:03.745 (0x7ffdf821df30) Debug: COMPLETED
2018-01-11 12:10:03.745 (0x7ffdf821df30) Debug: Listener adapter polkit_qt_listener_initiate_authentication_finish
2018-01-11 12:10:03.745 (0x7ffdf821df30) Debug: polkit_qt_listener_initiate_authentication_finish callback for  0x557e1724ccc0
2018-01-11 12:10:10.658 (0x7ffdf821df30) Debug: Listener adapter polkit_qt_listener_initiate_authentication
2018-01-11 12:10:10.658 (0x7ffdf821df30) Debug: GSimpleAsyncResult: 0x557e172b4820
2018-01-11 12:10:10.658 (0x7ffdf821df30) Debug: polkit_qt_listener_initiate_authentication callback for  0x557e1724ccc0
2018-01-11 12:10:10.666 (0x7ffdf821df30) Debug: REQUEST
2018-01-11 12:10:13.091 (0x7ffdf821df30) Debug: COMPLETED
2018-01-11 12:10:13.091 (0x7ffdf821df30) Debug: Listener adapter polkit_qt_listener_initiate_authentication_finish
2018-01-11 12:10:13.091 (0x7ffdf821df30) Debug: polkit_qt_listener_initiate_authentication_finish callback for  0x557e1724ccc0
2018-01-11 12:10:13.099 (0x7ffdf821df30) Debug: Listener adapter polkit_qt_listener_initiate_authentication
2018-01-11 12:10:13.099 (0x7ffdf821df30) Debug: GSimpleAsyncResult: 0x557e172b4890
2018-01-11 12:10:13.099 (0x7ffdf821df30) Debug: polkit_qt_listener_initiate_authentication callback for  0x557e1724ccc0
2018-01-11 12:10:13.108 (0x7ffdf821df30) Debug: REQUEST
2018-01-11 12:10:15.318 (0x7ffdf821df30) Debug: COMPLETED
2018-01-11 12:10:15.318 (0x7ffdf821df30) Debug: Listener adapter polkit_qt_listener_initiate_authentication_finish
2018-01-11 12:10:15.318 (0x7ffdf821df30) Debug: polkit_qt_listener_initiate_authentication_finish callback for  0x557e1724ccc0
2018-01-11 12:10:31.043 (0x7fff0ed77030) Debug: BatteryChanged discharging: true chargeLevel: 68.5816 actionTime: QTime(Invalid)
2018-01-11 12:10:33.888 (0x7ffdf821df30) Debug: Listener adapter polkit_qt_listener_initiate_authentication
2018-01-11 12:10:33.888 (0x7ffdf821df30) Debug: GSimpleAsyncResult: 0x557e172b4890
2018-01-11 12:10:33.888 (0x7ffdf821df30) Debug: polkit_qt_listener_initiate_authentication callback for  0x557e1724ccc0
2018-01-11 12:10:33.897 (0x7ffdf821df30) Debug: REQUEST
2018-01-11 12:10:35.808 (0x7ffdf821df30) Debug: COMPLETED
2018-01-11 12:10:35.808 (0x7ffdf821df30) Debug: Listener adapter polkit_qt_listener_initiate_authentication_finish
2018-01-11 12:10:35.808 (0x7ffdf821df30) Debug: polkit_qt_listener_initiate_authentication_finish callback for  0x557e1724ccc0
2018-01-11 12:10:41.477 (0x7ffdf821df30) Debug: Listener adapter polkit_qt_listener_initiate_authentication
2018-01-11 12:10:41.478 (0x7ffdf821df30) Debug: GSimpleAsyncResult: 0x557e172b4a50
2018-01-11 12:10:41.478 (0x7ffdf821df30) Debug: polkit_qt_listener_initiate_authentication callback for  0x557e1724ccc0
2018-01-11 12:10:41.485 (0x7ffdf821df30) Debug: REQUEST
2018-01-11 12:10:43.367 (0x7ffdf821df30) Debug: COMPLETED
2018-01-11 12:10:43.367 (0x7ffdf821df30) Debug: Listener adapter polkit_qt_listener_initiate_authentication_finish
2018-01-11 12:10:43.367 (0x7ffdf821df30) Debug: polkit_qt_listener_initiate_authentication_finish callback for  0x557e1724ccc0
2018-01-11 12:12:31.018 (0x7fff0ed77030) Debug: BatteryChanged discharging: true chargeLevel: 68.0269 actionTime: QTime(Invalid)
2018-01-11 12:14:31.047 (0x7fff0ed77030) Debug: BatteryChanged discharging: true chargeLevel: 67.4723 actionTime: QTime(Invalid)
2018-01-11 12:14:52.787 (0x7ffebd411030) Warning:     * Error image is NULL
2018-01-11 12:14:54.979 (0x7ffebd411030) Warning:     * Error image is NULL
2018-01-11 12:16:31.020 (0x7fff0ed77030) Debug: BatteryChanged discharging: true chargeLevel: 66.9572 actionTime: QTime(Invalid)
2018-01-11 12:18:31.067 (0x7fff0ed77030) Debug: BatteryChanged discharging: true chargeLevel: 66.3629 actionTime: QTime(Invalid)
2018-01-11 12:20:02.420 (0x7ffebd411030) Debug: WinIdChange 120093e handle QWidgetWindow(0x5582f1bc0b20, name="LXQtPanel panel_{e70c6dfa-af36-4c12-b361-2fbd52109d4a}Window") QScreen(0x5582f18194d0, name="eDP-1")
2018-01-11 12:20:31.080 (0x7fff0ed77030) Debug: BatteryChanged discharging: true chargeLevel: 65.7686 actionTime: QTime(Invalid)
2018-01-11 12:20:34.464 (0x7ffe4cf89e50) Warning: libpng warning: iCCP: known incorrect sRGB profile
2018-01-11 12:20:34.675 (0x7ffe4cf89e50) Debug: ()
2018-01-11 12:20:34.807 (0x7ffe4cf89e50) Warning: "Section \"clock\" not found in /home/paul/.config/lxqt/panel.conf."
2018-01-11 12:20:34.850 (0x7ffe4cf89e50) Debug: WinIdChange 1200007 handle QWidgetWindow(0x55c5d422aa50, name="LXQtPanel panel1Window") QScreen(0x55c5d40a74d0, name="eDP-1")
2018-01-11 12:20:34.858 (0x7ffe4cf89e50) Debug: WinIdChange 120000f handle QWidgetWindow(0x55c5d43bec10, name="LXQtPanel panel_{e70c6dfa-af36-4c12-b361-2fbd52109d4a}Window") QScreen(0x55c5d40a74d0, name="eDP-1")
2018-01-11 12:20:34.875 (0x7ffe4cf89e50) Debug: Systray started
2018-01-11 12:20:38.402 (0x7ffe4cf89e50) Warning: QPainter::begin: Paint device returned engine == 0, type: 3
2018-01-11 12:20:38.402 (0x7ffe4cf89e50) Warning: QPainter::setCompositionMode: Painter not active
2018-01-11 12:20:38.402 (0x7ffe4cf89e50) Warning: QPainter::end: Painter not active, aborted
2018-01-11 12:20:39.793 (0x7ffeda0d3a40) Warning: libpng warning: iCCP: known incorrect sRGB profile
2018-01-11 12:20:39.853 (0x7ffeda0d3a40) Debug: ()
2018-01-11 12:20:39.985 (0x7ffeda0d3a40) Warning: "Section \"clock\" not found in /home/paul/.config/lxqt/panel.conf."
2018-01-11 12:20:40.025 (0x7ffeda0d3a40) Debug: WinIdChange 1200007 handle QWidgetWindow(0x55f605bbfdc0, name="LXQtPanel panel1Window") QScreen(0x55f6059f64d0, name="eDP-1")
2018-01-11 12:20:40.035 (0x7ffeda0d3a40) Debug: WinIdChange 120000f handle QWidgetWindow(0x55f605d0a0e0, name="LXQtPanel panel_{e70c6dfa-af36-4c12-b361-2fbd52109d4a}Window") QScreen(0x55f6059f64d0, name="eDP-1")
2018-01-11 12:20:40.054 (0x7ffeda0d3a40) Debug: Systray started
2018-01-11 12:20:46.237 (0x7ffeda0d3a40) Warning: QPainter::begin: Paint device returned engine == 0, type: 3
2018-01-11 12:20:46.237 (0x7ffeda0d3a40) Warning: QPainter::setCompositionMode: Painter not active
2018-01-11 12:20:46.237 (0x7ffeda0d3a40) Warning: QPainter::end: Painter not active, aborted
2018-01-11 12:20:47.483 (0x7ffe76a08e10) Warning: libpng warning: iCCP: known incorrect sRGB profile
2018-01-11 12:20:47.546 (0x7ffe76a08e10) Debug: ()
2018-01-11 12:20:47.674 (0x7ffe76a08e10) Warning: "Section \"clock\" not found in /home/paul/.config/lxqt/panel.conf."
2018-01-11 12:20:47.710 (0x7ffe76a08e10) Debug: WinIdChange 1200007 handle QWidgetWindow(0x564029739720, name="LXQtPanel panel1Window") QScreen(0x5640295714d0, name="eDP-1")
2018-01-11 12:20:47.717 (0x7ffe76a08e10) Debug: WinIdChange 120000f handle QWidgetWindow(0x5640298875c0, name="LXQtPanel panel_{e70c6dfa-af36-4c12-b361-2fbd52109d4a}Window") QScreen(0x5640295714d0, name="eDP-1")
2018-01-11 12:20:47.735 (0x7ffe76a08e10) Debug: Systray started
2018-01-11 12:21:20.169 (0x7ffe76a08e10) Warning: QPainter::begin: Paint device returned engine == 0, type: 3
2018-01-11 12:21:20.169 (0x7ffe76a08e10) Warning: QPainter::setCompositionMode: Painter not active
2018-01-11 12:21:20.169 (0x7ffe76a08e10) Warning: QPainter::end: Painter not active, aborted
2018-01-11 12:21:23.088 (0x7ffd69c2ac00) Warning: libpng warning: iCCP: known incorrect sRGB profile
2018-01-11 12:21:23.146 (0x7ffd69c2ac00) Debug: ()
2018-01-11 12:21:23.275 (0x7ffd69c2ac00) Warning: "Section \"clock\" not found in /home/paul/.config/lxqt/panel.conf."
2018-01-11 12:21:23.313 (0x7ffd69c2ac00) Debug: WinIdChange 1200007 handle QWidgetWindow(0x5648fbafde10, name="LXQtPanel panel1Window") QScreen(0x5648fb9274d0, name="eDP-1")
2018-01-11 12:21:23.322 (0x7ffd69c2ac00) Debug: WinIdChange 120000f handle QWidgetWindow(0x5648fbc3d120, name="LXQtPanel panel_{e70c6dfa-af36-4c12-b361-2fbd52109d4a}Window") QScreen(0x5648fb9274d0, name="eDP-1")
2018-01-11 12:21:23.344 (0x7ffd69c2ac00) Debug: Systray started
2018-01-11 12:21:37.824 (0x7ffd69c2ac00) Debug: execAction "/usr/share/applications/urxvt.desktop"
2018-01-11 12:22:31.007 (0x7fff0ed77030) Debug: BatteryChanged discharging: true chargeLevel: 65.1347 actionTime: QTime(Invalid)
2018-01-11 12:24:31.027 (0x7fff0ed77030) Debug: BatteryChanged discharging: true chargeLevel: 64.5602 actionTime: QTime(Invalid)
2018-01-11 12:26:31.018 (0x7fff0ed77030) Debug: BatteryChanged discharging: true chargeLevel: 64.1046 actionTime: QTime(Invalid)
2018-01-11 12:28:31.019 (0x7fff0ed77030) Debug: BatteryChanged discharging: true chargeLevel: 63.4113 actionTime: QTime(Invalid)
2018-01-11 12:30:31.019 (0x7fff0ed77030) Debug: BatteryChanged discharging: true chargeLevel: 62.6189 actionTime: QTime(Invalid)
2018-01-11 12:32:30.999 (0x7fff0ed77030) Debug: BatteryChanged discharging: true chargeLevel: 62.0048 actionTime: QTime(Invalid)
2018-01-11 12:34:31.034 (0x7fff0ed77030) Debug: BatteryChanged discharging: true chargeLevel: 61.4105 actionTime: QTime(Invalid)
2018-01-11 12:36:31.005 (0x7fff0ed77030) Debug: BatteryChanged discharging: true chargeLevel: 60.8954 actionTime: QTime(Invalid)
2018-01-11 12:37:15.602 (0x7ffdedf51350) Warning: The X11 connection broke: I/O error (code 1)
2018-01-11 12:37:15.611 (0x7ffdedf51350) Warning: QSocketNotifier: Socket notifiers cannot be enabled or disabled from another thread
2018-01-11 12:37:16.171 (0x7ffd69c2ac00) Warning: The X11 connection broke: I/O error (code 1)
2018-01-11 12:37:17.662 (0x7ffe104dd670) Warning: "Module 'lxqt-panel.desktop' won't terminate ... killing."
2018-01-11 12:37:17.663 (0x7ffe104dd670) Warning: QProcess: Destroyed while process ("lxqt-panel") is still running.
2018-01-11 12:54:27.089 (0x7ffc85418990) Debug: New PolkitAgentListener  0x562b21816ec0
2018-01-11 12:54:27.091 (0x7ffc85418990) Debug: Adding new listener  PolkitQt1::Agent::Listener(0x7ffc854189a0) for  0x562b21816ec0
2018-01-11 12:54:27.460 (0x7ffe71131ba0) Warning: libpng warning: iCCP: known incorrect sRGB profile
2018-01-11 12:54:27.565 (0x7ffe71131ba0) Debug: ()
2018-01-11 12:54:27.895 (0x7ffe71131ba0) Warning: "Section \"clock\" not found in /home/paul/.config/lxqt/panel.conf."
2018-01-11 12:54:27.944 (0x7ffe71131ba0) Debug: WinIdChange 1000007 handle QWidgetWindow(0x55a1088ccaf0, name="LXQtPanel panel1Window") QScreen(0x55a10870d4d0, name="eDP-1")
2018-01-11 12:54:27.998 (0x7ffe71131ba0) Debug: Systray started
2018-01-11 12:54:27.999 (0x7ffe71131ba0) Warning: QDBusConnection: name 'org.freedesktop.UDisks2' had owner '' but we thought it was ':1.27'
2018-01-11 12:54:28.215 (0x7ffdd80caff0) Debug: BatteryChanged discharging: true chargeLevel: 59.6672 actionTime: QTime(Invalid)
2018-01-11 12:54:28.220 (0x7fffb87f85a0) Warning: libpng warning: iCCP: known incorrect sRGB profile
2018-01-11 12:54:28.222 (0x7ffdd80caff0) Debug: Inhibit got: 35
2018-01-11 12:54:28.223 (0x7ffdd80caff0) Debug: Starting idlenesswatcher
2018-01-11 12:54:28.293 (0x7ffe71131ba0) Warning:     * Error image is NULL
2018-01-11 12:54:28.310 (0x7ffe71131ba0) Warning:     * Error image is NULL
2018-01-11 12:54:29.012 (0x7ffe71131ba0) Warning:     * Error image is NULL
2018-01-11 12:55:04.448 (0x7ffe71131ba0) Debug: execAction "/usr/share/applications/urxvt.desktop"
2018-01-11 12:55:14.804 (0x7ffe71131ba0) Warning:     * Error image is NULL
2018-01-11 12:55:14.818 (0x7ffe71131ba0) Warning:     * Error image is NULL
2018-01-11 12:55:51.874 (0x7ffe71131ba0) Warning:     * Error image is NULL
2018-01-11 12:55:57.871 (0x7ffe71131ba0) Warning:     * Error image is NULL
2018-01-11 12:56:27.977 (0x7ffdd80caff0) Debug: BatteryChanged discharging: true chargeLevel: 59.1521 actionTime: QTime(Invalid)
2018-01-11 12:57:34.504 (0x7ffe71131ba0) Debug: execAction "/usr/share/applications/chromium.desktop"
2018-01-11 12:58:27.958 (0x7ffdd80caff0) Debug: BatteryChanged discharging: true chargeLevel: 58.3597 actionTime: QTime(Invalid)
2018-01-11 13:00:27.926 (0x7ffdd80caff0) Debug: BatteryChanged discharging: true chargeLevel: 57.7258 actionTime: QTime(Invalid)
2018-01-11 13:02:27.879 (0x7ffdd80caff0) Debug: BatteryChanged discharging: true chargeLevel: 57.0523 actionTime: QTime(Invalid)
2018-01-11 13:02:59.700 (0x7ffe71131ba0) Warning:     * Error image is NULL
2018-01-11 13:02:59.703 (0x7ffe71131ba0) Warning:     * Error image is NULL
2018-01-11 13:02:59.815 (0x7ffe71131ba0) Warning:     * Error image is NULL
2018-01-11 13:02:59.823 (0x7ffe71131ba0) Warning:     * Error image is NULL
2018-01-11 13:03:08.074 (0x7ffe71131ba0) Warning:     * Error image is NULL
2018-01-11 13:03:08.078 (0x7ffe71131ba0) Warning:     * Error image is NULL
2018-01-11 13:03:08.190 (0x7ffe71131ba0) Warning:     * Error image is NULL
2018-01-11 13:03:08.202 (0x7ffe71131ba0) Warning:     * Error image is NULL
2018-01-11 13:03:08.380 (0x7ffe71131ba0) Warning:     * Error image is NULL
2018-01-11 13:03:08.382 (0x7ffe71131ba0) Warning:     * Error image is NULL
2018-01-11 13:03:47.425 (0x7ffe71131ba0) Warning:     * Error image is NULL
2018-01-11 13:03:47.672 (0x7ffe71131ba0) Warning:     * Error image is NULL
2018-01-11 13:03:47.677 (0x7ffe71131ba0) Warning:     * Error image is NULL
2018-01-11 13:04:05.713 (0x7ffe71131ba0) Warning:     * Error image is NULL
2018-01-11 13:04:05.716 (0x7ffe71131ba0) Warning:     * Error image is NULL
2018-01-11 13:04:05.844 (0x7ffe71131ba0) Warning:     * Error image is NULL
2018-01-11 13:04:05.848 (0x7ffe71131ba0) Warning:     * Error image is NULL
2018-01-11 13:04:06.085 (0x7ffe71131ba0) Warning:     * Error image is NULL
2018-01-11 13:04:27.935 (0x7ffdd80caff0) Debug: BatteryChanged discharging: true chargeLevel: 56.458 actionTime: QTime(Invalid)
2018-01-11 13:04:51.562 (0x7ffe71131ba0) Warning:     * Error image is NULL
2018-01-11 13:04:51.563 (0x7ffe71131ba0) Warning:     * Error image is NULL
2018-01-11 13:04:51.696 (0x7ffe71131ba0) Warning:     * Error image is NULL
2018-01-11 13:04:51.941 (0x7ffe71131ba0) Warning:     * Error image is NULL
2018-01-11 13:04:51.949 (0x7ffe71131ba0) Warning:     * Error image is NULL
2018-01-11 13:05:14.829 (0x7ffe71131ba0) Warning:     * Error image is NULL
2018-01-11 13:05:14.832 (0x7ffe71131ba0) Warning:     * Error image is NULL
2018-01-11 13:05:14.955 (0x7ffe71131ba0) Warning:     * Error image is NULL
2018-01-11 13:05:15.179 (0x7ffe71131ba0) Warning:     * Error image is NULL
2018-01-11 13:05:15.185 (0x7ffe71131ba0) Warning:     * Error image is NULL
2018-02-26 10:31:07.391 (0x7ffc68206b00) Debug: New PolkitAgentListener  0x55c34a2d9cc0
2018-02-26 10:31:07.393 (0x7ffc68206b00) Debug: Adding new listener  PolkitQt1::Agent::Listener(0x7ffc68206b10) for  0x55c34a2d9cc0
2018-02-26 10:31:07.786 (0x7ffcc49dfad0) Warning: libpng warning: iCCP: known incorrect sRGB profile
2018-02-26 10:31:07.820 (0x7ffcc4569070) Warning: QFSFileEngine::open: No file name specified
2018-02-26 10:31:07.820 (0x7ffcc4569070) Warning: QFSFileEngine::open: No file name specified
2018-02-26 10:31:07.893 (0x7ffcc49dfad0) Debug: ()
2018-02-26 10:31:08.317 (0x7ffcc49dfad0) Warning: "Section \"clock\" not found in /home/paul/.config/lxqt/panel.conf."
2018-02-26 10:31:08.366 (0x7ffcc49dfad0) Debug: WinIdChange c00007 handle QWidgetWindow(0x55a9f186e0f0, name="LXQtPanel panel1Window") QScreen(0x55a9f16b8710, name="DP-1")
2018-02-26 10:31:08.420 (0x7ffcc49dfad0) Debug: Systray started
2018-02-26 10:31:08.421 (0x7ffcc49dfad0) Warning: QDBusConnection: name 'org.freedesktop.UDisks2' had owner '' but we thought it was ':1.24'
2018-02-26 10:31:08.490 (0x7ffcc4569070) Warning: libpng warning: iCCP: known incorrect sRGB profile
2018-02-26 10:31:08.638 (0x7fffc99ed530) Debug: BatteryChanged discharging: true chargeLevel: 66.5016 actionTime: QTime(Invalid)
2018-02-26 10:31:08.643 (0x7fffc99ed530) Debug: Inhibit got: 34
2018-02-26 10:31:08.644 (0x7fffc99ed530) Debug: Starting idlenesswatcher
2018-02-26 10:31:08.679 (0x7ffcc49dfad0) Warning:     * Error image is NULL
2018-02-26 10:31:10.154 (0x7ffcc49dfad0) Warning: QXcbConnection: XCB error: 3 (BadWindow), sequence: 1502, resource id: 29360129, major code: 18 (ChangeProperty), minor code: 0
2018-02-26 10:31:12.132 (0x7ffcc49dfad0) Warning:     * Error image is NULL
2018-02-26 10:31:19.113 (0x7ffcc49dfad0) Debug: execAction "/usr/share/applications/urxvt.desktop"
2018-02-26 10:31:27.038 (0x7ffcc49dfad0) Debug: execAction "/usr/share/applications/chromium.desktop"
2018-02-26 10:31:45.320 (0x7ffcc49dfad0) Warning:     * Error image is NULL
2018-02-26 10:31:45.321 (0x7ffcc49dfad0) Warning:     * Error image is NULL
2018-02-26 10:31:45.324 (0x7ffcc49dfad0) Warning:     * Error image is NULL
2018-02-26 10:31:45.327 (0x7ffcc49dfad0) Warning:     * Error image is NULL
2018-02-26 10:32:47.119 (0x7ffdf4ca5170) Debug: Connecting to KScreen...
2018-02-26 10:32:47.128 (0x7ffdf4ca5170) Debug: Width x Height 2.59109 x 1.66924
2018-02-26 10:32:47.129 (0x7ffdf4ca5170) Debug: Width x Height 2.59109 x 1.66924
2018-02-26 10:33:08.101 (0x7fffc99ed530) Debug: BatteryChanged discharging: true chargeLevel: 65.3328 actionTime: QTime(Invalid)
2018-02-26 10:33:09.227 (0x7ffdf4ca5170) Debug: minWidgetLength 221 maxMonitorSize 3840 scale 0.0575521
2018-02-26 10:33:15.537 (0x7ffcc49dfad0) Warning:     * Error image is NULL
2018-02-26 10:33:15.551 (0x7ffcc49dfad0) Warning:     * Error image is NULL
2018-02-26 10:33:16.547 (0x7ffdf4ca5170) Warning: QString::arg: Argument missing: "10 second(s) remaining" , 10
2018-02-26 10:33:17.500 (0x7ffdf4ca5170) Warning: QString::arg: Argument missing: "9 second(s) remaining" , 9
2018-02-26 10:33:18.501 (0x7ffdf4ca5170) Warning: QString::arg: Argument missing: "8 second(s) remaining" , 8
2018-02-26 10:33:19.501 (0x7ffdf4ca5170) Warning: QString::arg: Argument missing: "7 second(s) remaining" , 7
2018-02-26 10:35:08.068 (0x7fffc99ed530) Debug: BatteryChanged discharging: true chargeLevel: 64.5998 actionTime: QTime(Invalid)
2018-02-26 10:35:23.589 (0x7ffc1d241c90) Debug: Connecting to KScreen...
2018-02-26 10:35:23.593 (0x7ffc1d241c90) Debug: Width x Height 2.59109 x 1.66924
2018-02-26 10:35:23.593 (0x7ffc1d241c90) Debug: Width x Height 2.59109 x 1.66924
2018-02-26 10:35:25.194 (0x7ffc1d241c90) Debug: minWidgetLength 221 maxMonitorSize 3840 scale 0.0575521
2018-02-26 10:35:36.595 (0x7ffc1d241c90) Debug: Width x Height 2.59109 x 1.85471
2018-02-26 10:35:39.547 (0x7ffc1d241c90) Warning: QString::arg: Argument missing: "10 second(s) remaining" , 10
2018-02-26 10:35:40.500 (0x7ffc1d241c90) Warning: QString::arg: Argument missing: "9 second(s) remaining" , 9
2018-02-26 10:35:41.500 (0x7ffc1d241c90) Warning: QString::arg: Argument missing: "8 second(s) remaining" , 8
2018-02-26 10:35:42.500 (0x7ffc1d241c90) Warning: QString::arg: Argument missing: "7 second(s) remaining" , 7
2018-02-26 10:35:44.580 (0x7ffc1d241c90) Debug: Width x Height 2.59109 x 1.66924
2018-02-26 10:35:46.456 (0x7ffc1d241c90) Warning: QString::arg: Argument missing: "10 second(s) remaining" , 10
2018-02-26 10:36:16.693 (0x7ffc1d241c90) Warning: QString::arg: Argument missing: "10 second(s) remaining" , 10
2018-02-26 10:36:17.644 (0x7ffc1d241c90) Warning: QString::arg: Argument missing: "9 second(s) remaining" , 9
2018-02-26 10:36:18.593 (0x7ffc1d241c90) Warning: QString::arg: Argument missing: "8 second(s) remaining" , 8
2018-02-26 10:36:19.057 (0x7ffc1d241c90) Debug: [ MonitorSettingsDialog::saveConfiguration] # monitors Read: 0
2018-02-26 10:36:19.057 (0x7ffc1d241c90) Debug: [ MonitorSettingsDialog::saveConfiguration] # monitors Write: 1
2018-02-26 10:36:28.883 (0x7ffc1d241c90) Warning: QString::arg: Argument missing: "10 second(s) remaining" , 10
2018-02-26 10:36:32.380 (0x7ffc1d241c90) Debug: [ MonitorSettingsDialog::saveConfiguration] # monitors Read: 1
2018-02-26 10:36:32.381 (0x7ffc1d241c90) Debug: [ MonitorSettingsDialog::saveConfiguration] # monitors Write: 2
2018-02-26 10:36:40.587 (0x7ffcc49dfad0) Warning: QPainter::begin: Paint device returned engine == 0, type: 3
2018-02-26 10:36:40.587 (0x7ffcc49dfad0) Warning: QPainter::setCompositionMode: Painter not active
2018-02-26 10:36:40.587 (0x7ffcc49dfad0) Warning: QPainter::end: Painter not active, aborted
2018-02-26 10:37:08.114 (0x7fffc99ed530) Debug: BatteryChanged discharging: true chargeLevel: 63.9461 actionTime: QTime(Invalid)
2018-02-26 10:38:02.127 (0x7ffcc49dfad0) Debug: execAction "/usr/share/applications/urxvt.desktop"
2018-02-26 10:39:08.016 (0x7fffc99ed530) Debug: BatteryChanged discharging: true chargeLevel: 63.3122 actionTime: QTime(Invalid)
2018-02-26 10:39:17.464 (0x7ffd3c16d1f0) Warning: QFSFileEngine::open: No file name specified
2018-02-26 10:39:17.464 (0x7ffd3c16d1f0) Warning: QFSFileEngine::open: No file name specified
2018-02-26 10:39:17.464 (0x7ffd3c16d1f0) Warning: QFSFileEngine::open: No file name specified
2018-02-26 10:39:17.464 (0x7ffd3c16d1f0) Warning: QFSFileEngine::open: No file name specified
2018-02-26 10:39:17.464 (0x7ffd3c16d1f0) Warning: QFSFileEngine::open: No file name specified
2018-02-26 10:39:17.464 (0x7ffd3c16d1f0) Warning: QFSFileEngine::open: No file name specified
2018-02-26 10:39:17.464 (0x7ffd3c16d1f0) Warning: QFSFileEngine::open: No file name specified
2018-02-26 10:39:17.464 (0x7ffd3c16d1f0) Warning: QFSFileEngine::open: No file name specified
2018-02-26 10:39:17.464 (0x7ffd3c16d1f0) Warning: QFSFileEngine::open: No file name specified
2018-02-26 10:39:17.464 (0x7ffd3c16d1f0) Warning: QFSFileEngine::open: No file name specified
2018-02-26 10:39:17.464 (0x7ffd3c16d1f0) Warning: QFSFileEngine::open: No file name specified
2018-02-26 10:39:17.464 (0x7ffd3c16d1f0) Warning: QFSFileEngine::open: No file name specified
2018-02-26 10:41:08.057 (0x7fffc99ed530) Debug: BatteryChanged discharging: true chargeLevel: 62.6387 actionTime: QTime(Invalid)
2018-02-26 10:41:20.100 (0x7fff34b140b0) Warning: Empty filename passed to function
2018-02-26 10:43:08.108 (0x7fffc99ed530) Debug: BatteryChanged discharging: true chargeLevel: 62.0246 actionTime: QTime(Invalid)
2018-02-26 10:43:23.020 (0x7fff34b140b0) Warning: Empty filename passed to function
2018-02-26 10:44:05.249 (0x7ffcc49dfad0) Debug: execAction "/usr/share/applications/urxvt.desktop"
2018-02-26 10:44:18.605 (0x7ffcc49dfad0) Debug: execAction "/usr/share/applications/urxvt.desktop"
2018-02-26 10:44:25.500 (0x7ffcc49dfad0) Debug: execAction "/usr/share/applications/urxvt.desktop"
2018-02-26 10:44:43.559 (0x7ffcc49dfad0) Debug: execAction "/usr/share/applications/urxvt.desktop"
2018-02-26 10:45:08.036 (0x7fffc99ed530) Debug: BatteryChanged discharging: true chargeLevel: 61.351 actionTime: QTime(Invalid)
2018-02-26 10:47:08.113 (0x7fffc99ed530) Debug: BatteryChanged discharging: true chargeLevel: 60.6973 actionTime: QTime(Invalid)
2018-02-26 10:47:21.903 (0x7ffeb0309640) Warning: QFSFileEngine::open: No file name specified
2018-02-26 10:47:21.903 (0x7ffeb0309640) Warning: QFSFileEngine::open: No file name specified
2018-02-26 10:47:21.903 (0x7ffeb0309640) Warning: QFSFileEngine::open: No file name specified
2018-02-26 10:47:21.903 (0x7ffeb0309640) Warning: QFSFileEngine::open: No file name specified
2018-02-26 10:47:21.903 (0x7ffeb0309640) Warning: QFSFileEngine::open: No file name specified
2018-02-26 10:47:21.903 (0x7ffeb0309640) Warning: QFSFileEngine::open: No file name specified
2018-02-26 10:47:21.903 (0x7ffeb0309640) Warning: QFSFileEngine::open: No file name specified
2018-02-26 10:47:21.903 (0x7ffeb0309640) Warning: QFSFileEngine::open: No file name specified
2018-02-26 10:47:21.903 (0x7ffeb0309640) Warning: QFSFileEngine::open: No file name specified
2018-02-26 10:47:21.903 (0x7ffeb0309640) Warning: QFSFileEngine::open: No file name specified
2018-02-26 10:47:21.903 (0x7ffeb0309640) Warning: QFSFileEngine::open: No file name specified
2018-02-26 10:47:21.903 (0x7ffeb0309640) Warning: QFSFileEngine::open: No file name specified
2018-02-26 10:47:34.666 (0x7ffcc49dfad0) Debug: execAction "/usr/share/applications/spotify.desktop"
2018-02-26 10:48:57.615 (0x7ffdc5ead5e0) Warning: QXcbConnection: XCB error: 3 (BadWindow), sequence: 1956, resource id: 4204202, major code: 40 (TranslateCoords), minor code: 0
2018-02-26 10:49:08.097 (0x7fffc99ed530) Debug: BatteryChanged discharging: true chargeLevel: 60.0238 actionTime: QTime(Invalid)
2018-02-26 10:49:31.501 (0x7fffc99ed530) Debug: onActivated 3
2018-02-26 10:49:31.502 (0x7fffc99ed530) Debug: toggleShow
2018-02-26 10:51:08.086 (0x7fffc99ed530) Debug: BatteryChanged discharging: true chargeLevel: 59.37 actionTime: QTime(Invalid)
2018-02-26 10:53:08.017 (0x7fffc99ed530) Debug: BatteryChanged discharging: true chargeLevel: 58.6965 actionTime: QTime(Invalid)
2018-02-26 10:54:19.017 (0x7ffcc49dfad0) Debug: Desktop count changed from 2 to 1
2018-02-26 10:54:19.253 (0x7ffcc49dfad0) Debug: Desktop count changed from 1 to 10
2018-02-26 10:55:08.030 (0x7fffc99ed530) Debug: BatteryChanged discharging: true chargeLevel: 58.023 actionTime: QTime(Invalid)
2018-02-26 10:57:08.123 (0x7fffc99ed530) Debug: BatteryChanged discharging: true chargeLevel: 57.3891 actionTime: QTime(Invalid)
2018-02-26 10:59:08.033 (0x7fffc99ed530) Debug: BatteryChanged discharging: true chargeLevel: 56.7353 actionTime: QTime(Invalid)
2018-02-26 10:59:48.257 (0x7ffcc49dfad0) Debug: execAction "/usr/share/applications/spotify.desktop"
2018-02-26 11:01:08.117 (0x7fffc99ed530) Debug: BatteryChanged discharging: true chargeLevel: 56.042 actionTime: QTime(Invalid)
2018-02-26 11:03:08.096 (0x7fffc99ed530) Debug: BatteryChanged discharging: true chargeLevel: 55.3288 actionTime: QTime(Invalid)
2018-02-26 11:04:38.807 (0x7ffcc49dfad0) Warning: QPainter::begin: Paint device returned engine == 0, type: 3
2018-02-26 11:04:38.807 (0x7ffcc49dfad0) Warning: QPainter::setCompositionMode: Painter not active
2018-02-26 11:04:38.807 (0x7ffcc49dfad0) Warning: QPainter::end: Painter not active, aborted
2018-02-26 11:05:08.071 (0x7fffc99ed530) Debug: BatteryChanged discharging: true chargeLevel: 54.5761 actionTime: QTime(Invalid)
2018-02-26 11:07:08.031 (0x7fffc99ed530) Debug: BatteryChanged discharging: true chargeLevel: 53.8827 actionTime: QTime(Invalid)
2018-02-26 11:09:08.058 (0x7fffc99ed530) Debug: BatteryChanged discharging: true chargeLevel: 53.1894 actionTime: QTime(Invalid)
2018-02-26 11:11:08.080 (0x7fffc99ed530) Debug: BatteryChanged discharging: true chargeLevel: 52.4762 actionTime: QTime(Invalid)
2018-02-26 11:13:01.049 (0x7ffc12473a40) Warning: The X11 connection broke (error 1). Did the X11 server die?
2018-02-26 11:13:27.938 (0x7fff05987ef0) Debug: New PolkitAgentListener  0x55d2533b70c0
2018-02-26 11:13:27.939 (0x7fff05987ef0) Debug: Adding new listener  PolkitQt1::Agent::Listener(0x7fff05987f00) for  0x55d2533b70c0
2018-02-26 11:13:28.351 (0x7fffee7da0a0) Warning: libpng warning: iCCP: known incorrect sRGB profile
2018-02-26 11:13:28.465 (0x7fffee7da0a0) Debug: ()
2018-02-26 11:13:28.804 (0x7fffee7da0a0) Warning: "Section \"clock\" not found in /home/paul/.config/lxqt/panel.conf."
2018-02-26 11:13:28.830 (0x7fffee7da0a0) Debug: WinIdChange 1400007 handle QWidgetWindow(0x560a04a38c30, name="LXQtPanel panel1Window") QScreen(0x560a0484b6f0, name="DP-1")
2018-02-26 11:13:28.844 (0x7ffda3f64830) Warning: libpng warning: iCCP: known incorrect sRGB profile
2018-02-26 11:13:28.867 (0x7fffee7da0a0) Debug: Systray started
2018-02-26 11:13:28.867 (0x7fffee7da0a0) Warning: QDBusConnection: name 'org.freedesktop.UDisks2' had owner '' but we thought it was ':1.23'
2018-02-26 11:13:29.022 (0x7fff3752d9c0) Debug: BatteryChanged discharging: true chargeLevel: 51.6838 actionTime: QTime(Invalid)
2018-02-26 11:13:29.027 (0x7fff3752d9c0) Debug: Inhibit got: 34
2018-02-26 11:13:29.027 (0x7fff3752d9c0) Debug: Starting idlenesswatcher
2018-02-26 11:13:29.093 (0x7fffee7da0a0) Warning:     * Error image is NULL
2018-02-26 11:13:29.111 (0x7fffee7da0a0) Warning:     * Error image is NULL
2018-02-26 11:13:29.734 (0x7fffee7da0a0) Warning:     * Error image is NULL
2018-02-26 11:13:33.333 (0x7fffee7da0a0) Warning: QXcbConnection: XCB error: 3 (BadWindow), sequence: 1734, resource id: 35651585, major code: 18 (ChangeProperty), minor code: 0
2018-02-26 11:13:44.398 (0x7fffee7da0a0) Warning: QXcbConnection: XCB error: 3 (BadWindow), sequence: 2656, resource id: 35651642, major code: 18 (ChangeProperty), minor code: 0
2018-02-26 11:13:44.444 (0x7fffee7da0a0) Warning:     * Error image is NULL
2018-02-26 11:13:44.444 (0x7fffee7da0a0) Warning:     * Error image is NULL
2018-02-26 11:13:44.445 (0x7fffee7da0a0) Warning:     * Error image is NULL
2018-02-26 11:13:44.447 (0x7fffee7da0a0) Warning:     * Error image is NULL
2018-02-26 11:13:52.595 (0x7fffee7da0a0) Debug: execAction "/usr/share/applications/urxvt.desktop"
2018-02-26 11:14:16.461 (0x7fffee7da0a0) Debug: execAction "/usr/share/applications/chromium.desktop"
2018-02-26 11:15:29.109 (0x7fff3752d9c0) Debug: BatteryChanged discharging: true chargeLevel: 50.4952 actionTime: QTime(Invalid)
2018-02-26 11:17:29.103 (0x7fff3752d9c0) Debug: BatteryChanged discharging: true chargeLevel: 49.6632 actionTime: QTime(Invalid)
2018-02-26 11:18:32.798 (0x7fffee7da0a0) Warning:     * Error image is NULL
2018-02-26 11:18:32.922 (0x7fffee7da0a0) Warning:     * Error image is NULL
2018-02-26 11:19:29.082 (0x7fff3752d9c0) Debug: BatteryChanged discharging: true chargeLevel: 48.851 actionTime: QTime(Invalid)
2018-02-26 11:21:29.089 (0x7fff3752d9c0) Debug: BatteryChanged discharging: true chargeLevel: 48.0983 actionTime: QTime(Invalid)
2018-02-26 11:23:29.050 (0x7fff3752d9c0) Debug: BatteryChanged discharging: true chargeLevel: 47.2861 actionTime: QTime(Invalid)
2018-02-26 11:23:36.808 (0x7fffee7da0a0) Warning:     * Error image is NULL
2018-02-26 11:23:37.008 (0x7fffee7da0a0) Warning:     * Error image is NULL
2018-02-26 11:25:29.065 (0x7fff3752d9c0) Debug: BatteryChanged discharging: true chargeLevel: 46.5531 actionTime: QTime(Invalid)
2018-02-26 11:25:36.249 (0x7fffee7da0a0) Debug: execAction "/usr/share/applications/urxvt.desktop"
2018-02-26 11:25:49.560 (0x7fffee7da0a0) Warning: The X11 connection broke: I/O error (code 1)
2018-02-26 11:25:49.561 (0x7ffc9b644ff0) Warning: Qt: Couldn't interpret the _XKB_RULES_NAMES property
2018-02-26 11:25:49.573 (0x7ffc9b644ff0) Warning: The X11 connection broke (error 1). Did the X11 server die?
2018-02-26 11:28:11.043 (0x7ffc862a5480) Debug: New PolkitAgentListener  0x55fa85ef7ac0
2018-02-26 11:28:11.045 (0x7ffc862a5480) Debug: Adding new listener  PolkitQt1::Agent::Listener(0x7ffc862a5490) for  0x55fa85ef7ac0
2018-02-26 11:28:11.292 (0x7ffd54ea4d90) Warning: libpng warning: iCCP: known incorrect sRGB profile
2018-02-26 11:28:11.391 (0x7ffd54ea4d90) Debug: ()
2018-02-26 11:28:11.643 (0x7ffc5eb00d60) Warning: libpng warning: iCCP: known incorrect sRGB profile
2018-02-26 11:28:12.422 (0x7ffd54ea4d90) Warning: "Section \"clock\" not found in /home/paul/.config/lxqt/panel.conf."
2018-02-26 11:28:12.460 (0x7ffd54ea4d90) Debug: WinIdChange 1a00007 handle QWidgetWindow(0x55d0dd29caf0, name="LXQtPanel panel1Window") QScreen(0x55d0dd0de6f0, name="DP-1")
2018-02-26 11:28:12.526 (0x7ffd54ea4d90) Debug: Systray started
2018-02-26 11:28:12.527 (0x7ffd54ea4d90) Warning: QDBusConnection: name 'org.freedesktop.UDisks2' had owner '' but we thought it was ':1.22'
2018-02-26 11:28:12.679 (0x7fff9edc9780) Debug: BatteryChanged discharging: true chargeLevel: 45.8399 actionTime: QTime(Invalid)
2018-02-26 11:28:12.685 (0x7fff9edc9780) Debug: Inhibit got: 34
2018-02-26 11:28:12.685 (0x7fff9edc9780) Debug: Starting idlenesswatcher
2018-02-26 11:28:12.796 (0x7ffd54ea4d90) Warning:     * Error image is NULL
2018-02-26 11:28:12.813 (0x7ffd54ea4d90) Warning:     * Error image is NULL
2018-02-26 11:28:13.244 (0x7ffd54ea4d90) Warning:     * Error image is NULL
2018-02-26 11:28:19.854 (0x7ffd54ea4d90) Warning: QXcbConnection: XCB error: 3 (BadWindow), sequence: 2016, resource id: 31457343, major code: 18 (ChangeProperty), minor code: 0
2018-02-26 11:28:19.916 (0x7ffd54ea4d90) Warning:     * Error image is NULL
2018-02-26 11:28:19.917 (0x7ffd54ea4d90) Warning:     * Error image is NULL
2018-02-26 11:28:19.918 (0x7ffd54ea4d90) Warning:     * Error image is NULL
2018-02-26 11:28:19.919 (0x7ffd54ea4d90) Warning:     * Error image is NULL
2018-02-26 11:29:42.153 (0x7ffd54ea4d90) Warning: QXcbConnection: XCB error: 3 (BadWindow), sequence: 3819, resource id: 29360133, major code: 18 (ChangeProperty), minor code: 0
2018-02-26 11:29:45.739 (0x7ffd54ea4d90) Debug: execAction "/usr/share/applications/urxvt.desktop"
2018-02-26 11:30:01.360 (0x7ffd54ea4d90) Debug: execAction "/usr/share/applications/chromium.desktop"
2018-02-26 11:30:12.052 (0x7fff9edc9780) Debug: BatteryChanged discharging: true chargeLevel: 45.0872 actionTime: QTime(Invalid)
2018-02-26 11:32:12.104 (0x7fff9edc9780) Debug: BatteryChanged discharging: true chargeLevel: 44.1165 actionTime: QTime(Invalid)
2018-02-26 11:33:16.644 (0x7ffd54ea4d90) Warning:     * Error image is NULL
2018-02-26 11:33:16.770 (0x7ffd54ea4d90) Warning:     * Error image is NULL
2018-02-26 11:34:12.115 (0x7fff9edc9780) Debug: BatteryChanged discharging: true chargeLevel: 43.5816 actionTime: QTime(Invalid)
2018-02-26 11:34:15.010 (0x7ffd54ea4d90) Warning:     * Error image is NULL
2018-02-26 11:34:21.006 (0x7ffd54ea4d90) Warning:     * Error image is NULL
2018-02-26 11:35:09.009 (0x7ffd54ea4d90) Warning:     * Error image is NULL
2018-02-26 11:35:15.011 (0x7ffd54ea4d90) Warning:     * Error image is NULL
2018-02-26 11:36:12.099 (0x7fff9edc9780) Debug: BatteryChanged discharging: true chargeLevel: 42.9477 actionTime: QTime(Invalid)
2018-02-26 11:38:12.103 (0x7fff9edc9780) Debug: BatteryChanged discharging: true chargeLevel: 42.2742 actionTime: QTime(Invalid)
2018-02-26 11:38:20.810 (0x7ffd54ea4d90) Warning:     * Error image is NULL
2018-02-26 11:38:21.010 (0x7ffd54ea4d90) Warning:     * Error image is NULL
2018-02-26 11:38:33.011 (0x7ffd54ea4d90) Warning:     * Error image is NULL
2018-02-26 11:38:45.008 (0x7ffd54ea4d90) Warning:     * Error image is NULL
2018-02-26 11:38:51.005 (0x7ffd54ea4d90) Warning:     * Error image is NULL
2018-02-26 11:38:57.011 (0x7ffd54ea4d90) Warning:     * Error image is NULL
2018-02-26 11:39:33.009 (0x7ffd54ea4d90) Warning:     * Error image is NULL
2018-02-26 11:39:33.382 (0x7ffd54ea4d90) Debug: execAction "/usr/share/applications/urxvt.desktop"
2018-02-26 11:39:39.010 (0x7ffd54ea4d90) Warning:     * Error image is NULL
2018-02-26 11:39:45.218 (0x7fffa2a16f20) Warning: "Session 'session', new input device '/devices/pci0000:00/0000:00:14.0/usb2/2-3/2-3:1.0/bluetooth/hci0/hci0:11/0005:05AC:0255.0003/input/input25', keyboard setting will be (optionaly) reloaded..."
2018-02-26 11:39:45.242 (0x7fffa2a16f20) Warning: "Session 'session', new input device '/devices/pci0000:00/0000:00:14.0/usb2/2-3/2-3:1.0/bluetooth/hci0/hci0:11/0005:05AC:0255.0003/input/input25/event18', keyboard setting will be (optionaly) reloaded..."
2018-02-26 11:40:12.040 (0x7fff9edc9780) Debug: BatteryChanged discharging: true chargeLevel: 41.6204 actionTime: QTime(Invalid)
2018-02-26 11:42:12.038 (0x7fff9edc9780) Debug: BatteryChanged discharging: true chargeLevel: 41.0261 actionTime: QTime(Invalid)
2018-02-26 11:43:24.817 (0x7ffd54ea4d90) Warning:     * Error image is NULL
2018-02-26 11:43:27.009 (0x7ffd54ea4d90) Warning:     * Error image is NULL
2018-02-26 11:44:12.038 (0x7fff9edc9780) Debug: BatteryChanged discharging: true chargeLevel: 40.3724 actionTime: QTime(Invalid)
2018-02-26 11:46:12.036 (0x7fff9edc9780) Debug: BatteryChanged discharging: true chargeLevel: 39.6989 actionTime: QTime(Invalid)
2018-02-26 11:48:12.063 (0x7fff9edc9780) Debug: BatteryChanged discharging: true chargeLevel: 39.0452 actionTime: QTime(Invalid)
2018-02-26 11:48:28.756 (0x7ffd54ea4d90) Warning:     * Error image is NULL
2018-02-26 11:48:33.011 (0x7ffd54ea4d90) Warning:     * Error image is NULL
2018-02-26 11:50:12.018 (0x7fff9edc9780) Debug: BatteryChanged discharging: true chargeLevel: 38.4707 actionTime: QTime(Invalid)
2018-02-26 11:52:12.037 (0x7fff9edc9780) Debug: BatteryChanged discharging: true chargeLevel: 37.8368 actionTime: QTime(Invalid)
2018-02-26 11:53:32.760 (0x7ffd54ea4d90) Warning:     * Error image is NULL
2018-02-26 11:53:33.009 (0x7ffd54ea4d90) Warning:     * Error image is NULL
2018-02-26 11:54:11.748 (0x7ffd54ea4d90) Warning: The X11 connection broke: I/O error (code 1)
2018-02-26 11:54:13.777 (0x7fffa2a16f20) Warning: "Module 'lxqt-panel.desktop' won't terminate ... killing."
2018-02-26 11:54:13.778 (0x7fffa2a16f20) Warning: QProcess: Destroyed while process ("lxqt-panel") is still running.
2018-05-03 14:09:36.279 (0x7ffca63a4af0) Warning: QProcess: Destroyed while process ("pcmanfm-qt") is still running.
2018-05-03 14:09:36.281 (0x7ffca63a4af0) Warning: QProcess: Destroyed while process ("lxqt-globalkeysd") is still running.
2018-05-03 14:09:36.282 (0x7ffca63a4af0) Warning: QProcess: Destroyed while process ("lxqt-notificationd") is still running.
2018-05-03 14:09:36.284 (0x7ffca63a4af0) Warning: QProcess: Destroyed while process ("lxqt-panel") is still running.
2018-05-03 14:09:36.287 (0x7ffca63a4af0) Warning: QProcess: Destroyed while process ("lxqt-policykit-agent") is still running.
2018-05-03 14:09:36.288 (0x7ffca63a4af0) Warning: QProcess: Destroyed while process ("lxqt-powermanagement") is still running.
2018-05-03 14:09:36.293 (0x7ffca63a4af0) Warning: QProcess: Destroyed while process ("lxqt-runner") is still running.
2018-05-03 14:10:09.734 (0x7ffe7157a2b0) Warning: QProcess: Destroyed while process ("pcmanfm-qt") is still running.
2018-05-03 14:10:09.748 (0x7ffe7157a2b0) Warning: QProcess: Destroyed while process ("lxqt-globalkeysd") is still running.
2018-05-03 14:10:09.751 (0x7ffe7157a2b0) Warning: QProcess: Destroyed while process ("lxqt-notificationd") is still running.
2018-05-03 14:10:09.753 (0x7ffe7157a2b0) Warning: QProcess: Destroyed while process ("lxqt-panel") is still running.
2018-05-03 14:10:09.755 (0x7ffe7157a2b0) Warning: QProcess: Destroyed while process ("lxqt-policykit-agent") is still running.
2018-05-03 14:10:09.767 (0x7ffe7157a2b0) Warning: QProcess: Destroyed while process ("lxqt-powermanagement") is still running.
2018-05-03 14:10:09.768 (0x7ffe7157a2b0) Warning: QProcess: Destroyed while process ("lxqt-runner") is still running.
